<?xml version="1.0" encoding="UTF-8"?>
<testng-results ignored="0" total="2" passed="2" failed="0" skipped="0">
  <reporter-output>
  </reporter-output>
  <suite started-at="2021-09-17T09:07:40 IST" name="SampleSuite2" finished-at="2021-09-17T09:08:56 IST" duration-ms="75862">
    <groups>
    </groups>
    <test started-at="2021-09-17T09:07:40 IST" name="SampleTest" finished-at="2021-09-17T09:08:06 IST" duration-ms="26520">
      <class name="com.picnic.CrossBrowserScript">
        <test-method is-config="true" signature="setup(java.lang.String)[pri:0, instance:com.picnic.CrossBrowserScript@7e7be63f]" started-at="2021-09-17T09:07:40 IST" name="setup" finished-at="2021-09-17T09:07:44 IST" duration-ms="3913" status="PASS">
          <params>
            <param index="0">
              <value>
                <![CDATA[Chrome]]>
              </value>
            </param>
          </params>
          <reporter-output>
          </reporter-output>
        </test-method> <!-- setup -->
        <test-method signature="testParameterWithXML()[pri:0, instance:com.picnic.CrossBrowserScript@7e7be63f]" started-at="2021-09-17T09:07:44 IST" name="testParameterWithXML" finished-at="2021-09-17T09:08:06 IST" duration-ms="22532" status="PASS">
          <reporter-output>
          </reporter-output>
        </test-method> <!-- testParameterWithXML -->
      </class> <!-- com.picnic.CrossBrowserScript -->
    </test> <!-- SampleTest -->
    <test started-at="2021-09-17T09:08:06 IST" name="Sample2Test" finished-at="2021-09-17T09:08:56 IST" duration-ms="49213">
      <class name="com.picnic.CrossBrowserScript">
        <test-method is-config="true" signature="setup(java.lang.String)[pri:0, instance:com.picnic.CrossBrowserScript@290222c1]" started-at="2021-09-17T09:08:06 IST" name="setup" finished-at="2021-09-17T09:08:12 IST" duration-ms="5918" status="PASS">
          <params>
            <param index="0">
              <value>
                <![CDATA[Firefox]]>
              </value>
            </param>
          </params>
          <reporter-output>
          </reporter-output>
        </test-method> <!-- setup -->
        <test-method signature="testParameterWithXML()[pri:0, instance:com.picnic.CrossBrowserScript@290222c1]" started-at="2021-09-17T09:08:12 IST" name="testParameterWithXML" finished-at="2021-09-17T09:08:56 IST" duration-ms="43287" status="PASS">
          <reporter-output>
          </reporter-output>
        </test-method> <!-- testParameterWithXML -->
      </class> <!-- com.picnic.CrossBrowserScript -->
    </test> <!-- Sample2Test -->
  </suite> <!-- SampleSuite2 -->
</testng-results>
